<?xml version="1.0" encoding="UTF-8"?>
<!-- Generated by org.testng.reporters.JUnitReportReporter -->
<testsuite hostname="benilin-pt7278" failures="0" tests="5" name="test.AdminServiceTester" time="0.082" errors="0" timestamp="2024-05-13T11:31:17 IST" skipped="0">
  <testcase classname="test.AdminServiceTester" name="withdrawTest" time="0.003"/>
  <system-out/>
  <testcase classname="test.AdminServiceTester" name="withdrawTest" time="0.003"/>
  <system-out/>
  <testcase classname="test.AdminServiceTester" name="withdrawTest" time="0.071"/>
  <system-out/>
  <testcase classname="test.AdminServiceTester" name="withdrawTest" time="0.002"/>
  <system-out/>
  <testcase classname="test.AdminServiceTester" name="withdrawTest" time="0.003"/>
  <system-out/>
</testsuite> <!-- test.AdminServiceTester -->
